# JRE version: OpenJDK Runtime Environment Microsoft-8035246 (17.0.8+7) (build 17.0.8+7-LTS)
# Java VM: OpenJDK 64-Bit Server VM Microsoft-8035246 (17.0.8+7-LTS, mixed mode, sharing, tiered, compressed oops, compressed class ptrs, g1 gc, windows-amd64)
GC Precious Log:
 CPUs: 16 total, 16 available
 Memory: 32469M
 Large Page Support: Disabled
 NUMA Support: Disabled
 Compressed Oops: Enabled (32-bit)
 Heap Region Size: 1M
 Heap Min Capacity: 8M
 Heap Initial Capacity: 508M
 Heap Max Capacity: 2G
 Pre-touch: Disabled
 Parallel Workers: 13
 Concurrent Workers: 3
 Concurrent Refinement Workers: 13
 Periodic GC: Disabled
Heap:
 garbage-first heap   total 235520K, used 189897K [0x0000000080000000, 0x0000000100000000)
  region size 1024K, 21 young (21504K), 2 survivors (2048K)
 Metaspace       used 117174K, committed 118208K, reserved 557056K
  class space    used 16040K, committed 16512K, reserved 425984K
GC Heap History (20 events):
Event: 18.178 GC heap before
{Heap before GC invocations=38 (full 0):
 garbage-first heap   total 235520K, used 192605K [0x0000000080000000, 0x0000000100000000)
  region size 1024K, 84 young (86016K), 13 survivors (13312K)
 Metaspace       used 103151K, committed 104064K, reserved 557056K
  class space    used 14195K, committed 14592K, reserved 425984K
}
Event: 18.184 GC heap after
{Heap after GC invocations=39 (full 0):
 garbage-first heap   total 235520K, used 131677K [0x0000000080000000, 0x0000000100000000)
  region size 1024K, 11 young (11264K), 11 survivors (11264K)
 Metaspace       used 103151K, committed 104064K, reserved 557056K
  class space    used 14195K, committed 14592K, reserved 425984K
}
Event: 18.791 GC heap before
{Heap before GC invocations=39 (full 0):
 garbage-first heap   total 235520K, used 187997K [0x0000000080000000, 0x0000000100000000)
  region size 1024K, 65 young (66560K), 11 survivors (11264K)
 Metaspace       used 105190K, committed 106176K, reserved 557056K
  class space    used 14435K, committed 14912K, reserved 425984K
}
Event: 18.798 GC heap after
{Heap after GC invocations=40 (full 0):
 garbage-first heap   total 235520K, used 142827K [0x0000000080000000, 0x0000000100000000)
  region size 1024K, 9 young (9216K), 9 survivors (9216K)
 Metaspace       used 105190K, committed 106176K, reserved 557056K
  class space    used 14435K, committed 14912K, reserved 425984K
}
Event: 19.323 GC heap before
{Heap before GC invocations=40 (full 0):
 garbage-first heap   total 235520K, used 189931K [0x0000000080000000, 0x0000000100000000)
  region size 1024K, 55 young (56320K), 9 survivors (9216K)
 Metaspace       used 108539K, committed 109568K, reserved 557056K
  class space    used 14946K, committed 15424K, reserved 425984K
}
Event: 19.328 GC heap after
{Heap after GC invocations=41 (full 0):
 garbage-first heap   total 235520K, used 146156K [0x0000000080000000, 0x0000000100000000)
  region size 1024K, 3 young (3072K), 3 survivors (3072K)
 Metaspace       used 108539K, committed 109568K, reserved 557056K
  class space    used 14946K, committed 15424K, reserved 425984K
}
Event: 19.794 GC heap before
{Heap before GC invocations=41 (full 0):
 garbage-first heap   total 235520K, used 192236K [0x0000000080000000, 0x0000000100000000)
  region size 1024K, 48 young (49152K), 3 survivors (3072K)
 Metaspace       used 111851K, committed 112832K, reserved 557056K
  class space    used 15345K, committed 15808K, reserved 425984K
}
Event: 19.797 GC heap after
{Heap after GC invocations=42 (full 0):
 garbage-first heap   total 235520K, used 149559K [0x0000000080000000, 0x0000000100000000)
  region size 1024K, 6 young (6144K), 6 survivors (6144K)
 Metaspace       used 111851K, committed 112832K, reserved 557056K
  class space    used 15345K, committed 15808K, reserved 425984K
}
Event: 20.215 GC heap before
{Heap before GC invocations=42 (full 0):
 garbage-first heap   total 235520K, used 195639K [0x0000000080000000, 0x0000000100000000)
  region size 1024K, 51 young (52224K), 6 survivors (6144K)
 Metaspace       used 113056K, committed 114048K, reserved 557056K
  class space    used 15478K, committed 15936K, reserved 425984K
}
Event: 20.220 GC heap after
{Heap after GC invocations=43 (full 0):
 garbage-first heap   total 235520K, used 154893K [0x0000000080000000, 0x0000000100000000)
  region size 1024K, 6 young (6144K), 6 survivors (6144K)
 Metaspace       used 113056K, committed 114048K, reserved 557056K
  class space    used 15478K, committed 15936K, reserved 425984K
}
Event: 20.558 GC heap before
{Heap before GC invocations=43 (full 0):
 garbage-first heap   total 235520K, used 194829K [0x0000000080000000, 0x0000000100000000)
  region size 1024K, 46 young (47104K), 6 survivors (6144K)
 Metaspace       used 114067K, committed 115072K, reserved 557056K
  class space    used 15570K, committed 16000K, reserved 425984K
}
Event: 20.563 GC heap after
{Heap after GC invocations=44 (full 0):
 garbage-first heap   total 235520K, used 160715K [0x0000000080000000, 0x0000000100000000)
  region size 1024K, 6 young (6144K), 6 survivors (6144K)
 Metaspace       used 114067K, committed 115072K, reserved 557056K
  class space    used 15570K, committed 16000K, reserved 425984K
}
Event: 20.918 GC heap before
{Heap before GC invocations=44 (full 0):
 garbage-first heap   total 235520K, used 201675K [0x0000000080000000, 0x0000000100000000)
  region size 1024K, 42 young (43008K), 6 survivors (6144K)
 Metaspace       used 116321K, committed 117312K, reserved 557056K
  class space    used 15950K, committed 16384K, reserved 425984K
}
Event: 20.922 GC heap after
{Heap after GC invocations=45 (full 0):
 garbage-first heap   total 235520K, used 163716K [0x0000000080000000, 0x0000000100000000)
  region size 1024K, 4 young (4096K), 4 survivors (4096K)
 Metaspace       used 116321K, committed 117312K, reserved 557056K
  class space    used 15950K, committed 16384K, reserved 425984K
}
Event: 21.199 GC heap before
{Heap before GC invocations=45 (full 0):
 garbage-first heap   total 235520K, used 197508K [0x0000000080000000, 0x0000000100000000)
  region size 1024K, 38 young (38912K), 4 survivors (4096K)
 Metaspace       used 116988K, committed 118016K, reserved 557056K
  class space    used 16034K, committed 16512K, reserved 425984K
}
Event: 21.201 GC heap after
{Heap after GC invocations=46 (full 0):
 garbage-first heap   total 235520K, used 165327K [0x0000000080000000, 0x0000000100000000)
  region size 1024K, 2 young (2048K), 2 survivors (2048K)
 Metaspace       used 116988K, committed 118016K, reserved 557056K
  class space    used 16034K, committed 16512K, reserved 425984K
}
Event: 21.292 GC heap before
{Heap before GC invocations=46 (full 0):
 garbage-first heap   total 235520K, used 199119K [0x0000000080000000, 0x0000000100000000)
  region size 1024K, 36 young (36864K), 2 survivors (2048K)
 Metaspace       used 117143K, committed 118144K, reserved 557056K
  class space    used 16039K, committed 16512K, reserved 425984K
}
Event: 21.295 GC heap after
{Heap after GC invocations=47 (full 0):
 garbage-first heap   total 235520K, used 169574K [0x0000000080000000, 0x0000000100000000)
  region size 1024K, 5 young (5120K), 5 survivors (5120K)
 Metaspace       used 117143K, committed 118144K, reserved 557056K
  class space    used 16039K, committed 16512K, reserved 425984K
}
Event: 21.541 GC heap before
{Heap before GC invocations=47 (full 0):
 garbage-first heap   total 235520K, used 199270K [0x0000000080000000, 0x0000000100000000)
  region size 1024K, 35 young (35840K), 5 survivors (5120K)
 Metaspace       used 117145K, committed 118144K, reserved 557056K
  class space    used 16040K, committed 16512K, reserved 425984K
}
Event: 21.544 GC heap after
{Heap after GC invocations=48 (full 0):
 garbage-first heap   total 235520K, used 171465K [0x0000000080000000, 0x0000000100000000)
  region size 1024K, 2 young (2048K), 2 survivors (2048K)
 Metaspace       used 117145K, committed 118144K, reserved 557056K
  class space    used 16040K, committed 16512K, reserved 425984K
}

